<?xml version="1.0" encoding="UTF-8"?>
<!-- Generated by org.testng.reporters.JUnitXMLReporter -->
<testsuite ignored="0" hostname="LAPTOP-FB3E7NT5" failures="1" tests="14" name="loan" time="0.171" errors="0" timestamp="2022-05-12T17:09:59 IST">
  <testcase classname="test.Day1" name="one" time="0.009"/>
  <testcase classname="test.Day1" name="three" time="0.0">
    <failure type="org.testng.TestNGException" message="
Parameter &amp;apos;URL&amp;apos; is required by @Test on method three but has not been marked @Optional or defined
in D:\Udemy_selenium\TestNG_practice\testng3.xml">
      <![CDATA[org.testng.TestNGException: 
Parameter 'URL' is required by @Test on method three but has not been marked @Optional or defined
in D:\Udemy_selenium\TestNG_practice\testng3.xml
at java.base/java.util.ArrayList.forEach(ArrayList.java:1511)
... Removed 26 stack frames]]>
    </failure>
  </testcase> <!-- three -->
  <testcase classname="test.Day1" name="two" time="0.001"/>
  <testcase classname="test.Day2" name="A" time="0.002"/>
  <testcase classname="test.Day2" name="B" time="0.003"/>
  <testcase classname="test.Day3" name="loginApiHomeLoan" time="0.002"/>
  <testcase classname="test.Day3" name="mobileLoginHomeLoan" time="0.002"/>
  <testcase classname="test.Day3" name="webLoginHomeLoan" time="0.004"/>
  <testcase classname="test.Day4" name="LoginApiCarLoan" time="0.005"/>
  <testcase classname="test.Day4" name="mobileLoginCarLoan" time="0.005"/>
  <testcase classname="test.Day4" name="webLoginCarLoan" time="0.004"/>
  <testcase classname="test.Day5" name="dataProviderTest" time="0.005"/>
  <testcase classname="test.Day5" name="dataProviderTest" time="0.005"/>
  <testcase classname="test.Day5" name="dataProviderTest" time="0.001"/>
</testsuite> <!-- loan -->
